2025/01/21 10:38:03 [2025-01-21T10:38:03+07:00] ERROR: Error 1045 (28000): Access denied for user 'admisi_user1'@'_gateway' (using password: YES) | Context: Cannot Ping database | File: C:/Go Projects/uibbe_framework/cmd/main.go:19
2025/01/21 10:43:36 [2025-01-21T10:43:36+07:00] ERROR: Error 1045 (28000): Access denied for user 'admisi_user1'@'_gateway' (using password: YES) | Context: Cannot Ping database | File: C:/Go Projects/uibbe_framework/cmd/main.go:19
2025/01/21 15:34:31 [2025-01-21T15:34:31+07:00] ERROR: Error 1054 (42S22): Unknown column 'akuse_username' in 'where clause' | Context: Data Scan Error | File: C:/Go Projects/uibbe_framework/internal/service/userService.go:34
2025/01/21 16:14:56 [2025-01-21T16:14:56+07:00] ERROR: key is of invalid type | Context: Failed To Generate Token | File: C:/Go Projects/uibbe_framework/internal/controller/authController.go:32
2025/01/22 10:55:36 [2025-01-22T10:55:36+07:00] ERROR: Key: 'UserInput.Email' Error:Field validation for 'Email' failed on the 'email' tag
Key: 'UserInput.IsAktif' Error:Field validation for 'IsAktif' failed on the 'required' tag | Context: Validation failed | File: C:/Go Projects/uibbe_framework/internal/middleware/inputValidator.go:30
2025/11/06 14:49:15 [2025-11-06T14:49:15+07:00] ERROR: record not found | Context: Data Scan Error | File: C:/xampp/htdocs/Mobile-PipoSmart/internal/service/userService.go:37
2025/11/06 14:49:15 [2025-11-06T14:49:15+07:00] ERROR: record not found | Context: Data Scan Error | File: C:/xampp/htdocs/Mobile-PipoSmart/internal/service/userService.go:47
2025/11/06 14:54:38 [2025-11-06T14:54:38+07:00] ERROR: record not found | Context: Data Scan Error | File: C:/xampp/htdocs/Mobile-PipoSmart/internal/service/userService.go:37
2025/11/06 14:55:53 [2025-11-06T14:55:53+07:00] ERROR: record not found | Context: Data Scan Error | File: C:/xampp/htdocs/Mobile-PipoSmart/internal/service/userService.go:37
2025/11/06 14:55:53 [2025-11-06T14:55:53+07:00] ERROR: record not found | Context: Data Scan Error | File: C:/xampp/htdocs/Mobile-PipoSmart/internal/service/userService.go:47
2025/11/07 10:08:20 [2025-11-07T10:08:20+07:00] ERROR: record not found | Context: Data Scan Error | File: C:/xampp/htdocs/Mobile-PipoSmart/internal/service/userService.go:37
2025/11/07 10:08:20 [2025-11-07T10:08:20+07:00] ERROR: record not found | Context: Data Scan Error | File: C:/xampp/htdocs/Mobile-PipoSmart/internal/service/userService.go:47
2025/11/07 10:39:29 [2025-11-07T10:39:29+07:00] ERROR: record not found | Context: Data Scan Error | File: C:/xampp/htdocs/Mobile-PipoSmart/internal/service/userService.go:37
2025/11/07 10:39:29 [2025-11-07T10:39:29+07:00] ERROR: record not found | Context: Data Scan Error | File: C:/xampp/htdocs/Mobile-PipoSmart/internal/service/userService.go:47
2025/11/07 15:45:51 [2025-11-07T15:45:51+07:00] ERROR: record not found | Context: Data Scan Error | File: C:/xampp/htdocs/Mobile-PipoSmart/internal/service/userService.go:37
2025/11/07 15:45:51 [2025-11-07T15:45:51+07:00] ERROR: record not found | Context: Data Scan Error | File: C:/xampp/htdocs/Mobile-PipoSmart/internal/service/userService.go:47
2025/11/11 14:49:41 [2025-11-11T14:49:41+07:00] ERROR: LDAP Result Code 200 "Network Error": dial tcp :389: connectex: No connection could be made because the target machine actively refused it. | Context: Failed to Dial to LDAP Server | File: C:/xampp/htdocs/Mobile-PipoSmart/internal/controller/authController.go:183
2025/11/11 15:08:33 [2025-11-11T15:08:33+07:00] ERROR: LDAP Result Code 200 "Network Error": dial tcp :389: connectex: No connection could be made because the target machine actively refused it. | Context: Failed to Dial to LDAP Server | File: C:/xampp/htdocs/Mobile-PipoSmart/internal/controller/authController.go:183
2025/11/11 15:11:47 [2025-11-11T15:11:47+07:00] ERROR: LDAP Result Code 200 "Network Error": dial tcp :389: connectex: No connection could be made because the target machine actively refused it. | Context: Failed to Dial to LDAP Server | File: C:/xampp/htdocs/Mobile-PipoSmart/internal/controller/authController.go:183
2025/11/15 13:22:20 [2025-11-15T13:22:20+07:00] ERROR: Error 1062 (23000): Duplicate entry '' for key 'idx_users_google_id' | Context: Register User Failed | File: C:/xampp/htdocs/Mobile-PipoSmart/internal/service/userService.go:190
2025/11/15 13:24:08 [2025-11-15T13:24:08+07:00] ERROR: Error 1062 (23000): Duplicate entry '' for key 'idx_users_google_id' | Context: Register User Failed | File: C:/xampp/htdocs/Mobile-PipoSmart/internal/service/userService.go:190
2025/11/15 13:29:57 [2025-11-15T13:29:57+07:00] ERROR: Error 1062 (23000): Duplicate entry '' for key 'idx_users_google_id' | Context: Register User Failed | File: C:/xampp/htdocs/Mobile-PipoSmart/internal/service/userService.go:190
2025/11/21 14:17:10 [2025-11-21T14:17:10+07:00] ERROR: Error 1062 (23000): Duplicate entry '' for key 'idx_users_google_id' | Context: Register User Failed | File: C:/xampp/htdocs/Mobile-PipoSmart/internal/service/userService.go:190
2025/11/21 14:21:16 [2025-11-21T14:21:16+07:00] ERROR: Error 1062 (23000): Duplicate entry '' for key 'idx_users_google_id' | Context: Register User Failed | File: C:/xampp/htdocs/Mobile-PipoSmart/internal/service/userService.go:190
2025/11/21 16:16:41 [2025-11-21T16:16:41+07:00] ERROR: Error 1062 (23000): Duplicate entry '' for key 'idx_users_google_id' | Context: Register User Failed | File: C:/xampp/htdocs/Mobile-PipoSmart/internal/service/userService.go:177
2025/11/22 09:47:32 [2025-11-22T09:47:32+07:00] ERROR: Error 1062 (23000): Duplicate entry '' for key 'idx_users_google_id' | Context: Register User Failed | File: C:/xampp/htdocs/Mobile-PipoSmart/internal/service/userService.go:177
2025/11/22 09:49:59 [2025-11-22T09:49:59+07:00] ERROR: Error 1062 (23000): Duplicate entry '' for key 'idx_users_google_id' | Context: Register User Failed | File: C:/xampp/htdocs/Mobile-PipoSmart/internal/service/userService.go:177
2025/11/22 10:41:42 [2025-11-22T10:41:42+07:00] ERROR: Error 1062 (23000): Duplicate entry '' for key 'idx_users_google_id' | Context: Register User Failed | File: C:/xampp/htdocs/Mobile-PipoSmart/internal/service/userService.go:177
2025/11/26 15:52:31 [2025-11-26T15:52:31+07:00] ERROR: Error 1062 (23000): Duplicate entry '' for key 'idx_users_nama_lengkap' | Context: Update User Failed | File: C:/xampp/htdocs/Mobile-PipoSmart/internal/service/userService.go:269
2026/01/02 15:32:01 [2026-01-02T15:32:01+07:00] ERROR: idtoken: token expired: now=1767342721, expires=1767341970 | Context: Gagal validasi Google ID Token | File: D:/flutter/refactor/AyoCuci/internal/controller/authController.go:135
2026/01/02 15:32:10 [2026-01-02T15:32:10+07:00] ERROR: idtoken: token expired: now=1767342730, expires=1767341970 | Context: Gagal validasi Google ID Token | File: D:/flutter/refactor/AyoCuci/internal/controller/authController.go:135
2026/01/02 15:32:51 [2026-01-02T15:32:51+07:00] ERROR: idtoken: token expired: now=1767342771, expires=1767341970 | Context: Gagal validasi Google ID Token | File: D:/flutter/refactor/AyoCuci/internal/controller/authController.go:135
2026/01/02 15:37:05 [2026-01-02T15:37:05+07:00] ERROR: idtoken: token expired: now=1767343025, expires=1767341970 | Context: Gagal validasi Google ID Token | File: D:/flutter/refactor/AyoCuci/internal/controller/authController.go:135
